0 info it worked if it ends with ok
1 verbose cli [ 'node',
1 verbose cli   '/usr/local/bin/npm',
1 verbose cli   'install',
1 verbose cli   'grunt-contrib-bump',
1 verbose cli   '--save-dev' ]
2 info using npm@1.4.14
3 info using node@v0.10.28
4 verbose readDependencies using package.json deps
5 verbose cache add [ 'grunt-contrib-bump', null ]
6 verbose cache add name=undefined spec="grunt-contrib-bump" args=["grunt-contrib-bump",null]
7 verbose parsed url { protocol: null,
7 verbose parsed url   slashes: null,
7 verbose parsed url   auth: null,
7 verbose parsed url   host: null,
7 verbose parsed url   port: null,
7 verbose parsed url   hostname: null,
7 verbose parsed url   hash: null,
7 verbose parsed url   search: null,
7 verbose parsed url   query: null,
7 verbose parsed url   pathname: 'grunt-contrib-bump',
7 verbose parsed url   path: 'grunt-contrib-bump',
7 verbose parsed url   href: 'grunt-contrib-bump' }
8 silly lockFile 9dbab323-grunt-contrib-bump grunt-contrib-bump
9 verbose lock grunt-contrib-bump /Users/mattimatti/.npm/9dbab323-grunt-contrib-bump.lock
10 silly lockFile 9dbab323-grunt-contrib-bump grunt-contrib-bump
11 silly lockFile 9dbab323-grunt-contrib-bump grunt-contrib-bump
12 verbose addNamed [ 'grunt-contrib-bump', '' ]
13 verbose addNamed [ null, '*' ]
14 silly lockFile b1212825-grunt-contrib-bump grunt-contrib-bump@
15 verbose lock grunt-contrib-bump@ /Users/mattimatti/.npm/b1212825-grunt-contrib-bump.lock
16 silly addNameRange { name: 'grunt-contrib-bump', range: '*', hasData: false }
17 verbose url raw grunt-contrib-bump
18 verbose url resolving [ 'https://registry.npmjs.org/', './grunt-contrib-bump' ]
19 verbose url resolved https://registry.npmjs.org/grunt-contrib-bump
20 info trying registry request attempt 1 at 19:35:02
21 http GET https://registry.npmjs.org/grunt-contrib-bump
22 http 404 https://registry.npmjs.org/grunt-contrib-bump
23 verbose headers { date: 'Mon, 23 Jun 2014 17:35:06 GMT',
23 verbose headers   server: 'CouchDB/1.5.0 (Erlang OTP/R14B04)',
23 verbose headers   'content-type': 'application/json',
23 verbose headers   'cache-control': 'max-age=0',
23 verbose headers   'content-length': '52',
23 verbose headers   'accept-ranges': 'bytes',
23 verbose headers   via: '1.1 varnish',
23 verbose headers   age: '0',
23 verbose headers   'x-served-by': 'cache-fra1233-FRA',
23 verbose headers   'x-cache': 'MISS',
23 verbose headers   'x-cache-hits': '0',
23 verbose headers   'x-timer': 'S1403544906.052894,VS0,VE184',
23 verbose headers   'keep-alive': 'timeout=10, max=50',
23 verbose headers   connection: 'Keep-Alive' }
24 silly registry.get cb [ 404,
24 silly registry.get   { date: 'Mon, 23 Jun 2014 17:35:06 GMT',
24 silly registry.get     server: 'CouchDB/1.5.0 (Erlang OTP/R14B04)',
24 silly registry.get     'content-type': 'application/json',
24 silly registry.get     'cache-control': 'max-age=0',
24 silly registry.get     'content-length': '52',
24 silly registry.get     'accept-ranges': 'bytes',
24 silly registry.get     via: '1.1 varnish',
24 silly registry.get     age: '0',
24 silly registry.get     'x-served-by': 'cache-fra1233-FRA',
24 silly registry.get     'x-cache': 'MISS',
24 silly registry.get     'x-cache-hits': '0',
24 silly registry.get     'x-timer': 'S1403544906.052894,VS0,VE184',
24 silly registry.get     'keep-alive': 'timeout=10, max=50',
24 silly registry.get     connection: 'Keep-Alive' } ]
25 silly lockFile b1212825-grunt-contrib-bump grunt-contrib-bump@
26 silly lockFile b1212825-grunt-contrib-bump grunt-contrib-bump@
27 error 404 404 Not Found: grunt-contrib-bump
27 error 404
27 error 404 'grunt-contrib-bump' is not in the npm registry.
27 error 404 You should bug the author to publish it
27 error 404 It was specified as a dependency of 'grunt-doctrine'
27 error 404
27 error 404 Note that you can also install from a
27 error 404 tarball, folder, or http url, or git url.
28 error System Darwin 13.1.0
29 error command "node" "/usr/local/bin/npm" "install" "grunt-contrib-bump" "--save-dev"
30 error cwd /Users/mattimatti/Desktop/grunt-doctrine
31 error node -v v0.10.28
32 error npm -v 1.4.14
33 error code E404
34 verbose exit [ 1, true ]
